<?xml version="1.0" encoding="UTF-8"?>
<testsuite xmlns:xsi="http://www.w3.org/2001/XMLSchema-instance" xsi:noNamespaceSchemaLocation="https://maven.apache.org/surefire/maven-surefire-plugin/xsd/surefire-test-report.xsd" name="cn.edu.xmu.user.controller.ControllerTest1" time="21.578" tests="4" errors="0" skipped="0" failures="0">
  <properties>
[...]
</properties>
  <testcase name="login1" classname="cn.edu.xmu.user.controller.ControllerTest1" time="1.848"/>
  <testcase name="logout" classname="cn.edu.xmu.user.controller.ControllerTest1" time="0.506"/>
  <testcase name="register" classname="cn.edu.xmu.user.controller.ControllerTest1" time="1.13"/>
  <testcase name="getAllUser" classname="cn.edu.xmu.user.controller.ControllerTest1" time="0.723"/>
</testsuite>